<?xml version="1.0" encoding="UTF-8"?>
<!-- Generated by org.testng.reporters.JUnitXMLReporter -->
<testsuite hostname="ChiNx" name="Command line test b5da5ceb-d113-49e4-b65a-8008d07ad609" tests="2" failures="0" timestamp="18 Jan 2018 17:36:37 GMT" time="47.828" errors="0">
  <testcase name="loginAndClickTrending" time="10.375" classname="org.selenium.test.TCR1"/>
  <testcase name="clickSubscriptions" time="10.75" classname="org.selenium.test.TCR2"/>
</testsuite> <!-- Command line test b5da5ceb-d113-49e4-b65a-8008d07ad609 -->
