<?xml version="1.0" encoding="UTF-8"?>
<!-- Generated by org.testng.reporters.JUnitXMLReporter -->
<testsuite hostname="ChiNx" name="Command line test f98e8302-19f6-4458-b604-6dd46db64d88" tests="2" failures="0" timestamp="11 Jan 2018 15:50:11 GMT" time="65.233" errors="0">
  <testcase name="loginAndClickTrending" time="15.559" classname="org.selenium.test.TCR1"/>
  <testcase name="clickSubscriptions" time="16.671" classname="org.selenium.test.TCR2"/>
</testsuite> <!-- Command line test f98e8302-19f6-4458-b604-6dd46db64d88 -->
